[03:16:52] [main/INFO]: ModLauncher running: args [--username, SmokyDaStona, --version, forge-47.4.0, --gameDir, C:\Users\smoky\curseforge\minecraft\Instances\Chaos Town Test (1), --assetsDir, C:\Users\smoky\curseforge\minecraft\Install\assets, --assetIndex, 5, --uuid, 23a2873cb81f4ee59a08dd1f1f0bf6d5, --accessToken, ????????, --clientId, NTNmYmRlYjktNDlhZC00ZjhhLTlhMmYtY2QyZGM2NTA0ZTcy, --xuid, 2533274813778753, --userType, msa, --versionType, release, --width, 1024, --height, 768, --quickPlayPath, C:\Users\smoky\curseforge\minecraft\Install\quickPlay\java\1765019809238.json, --launchTarget, forgeclient, --fml.forgeVersion, 47.4.0, --fml.mcVersion, 1.20.1, --fml.forgeGroup, net.minecraftforge, --fml.mcpVersion, 20230612.114412]
[03:16:52] [main/INFO]: ModLauncher 10.0.9+10.0.9+main.dcd20f30 starting: java version 17.0.15 by Microsoft; OS Windows 11 arch amd64 version 10.0
[03:16:53] [main/INFO]: Loading ImmediateWindowProvider fmlearlywindow
[03:16:53] [main/INFO]: Trying GL version 4.6
[03:16:53] [main/INFO]: Requested GL version 4.6 got version 4.6
[03:16:53] [main/INFO]: Mixin Transmogrifier is definitely up to no good...
[03:16:53] [main/INFO]: crimes against java were committed
[03:16:53] [main/INFO]: Original mixin transformation service successfully crobbed by mixin-transmogrifier!
[03:16:53] [main/INFO]: SpongePowered MIXIN Subsystem Version=0.8.5 Source=union:/C:/Users/smoky/curseforge/minecraft/Instances/Chaos%20Town%20Test%20(1)/mods/Connector-1.0.0-beta.47+1.20.1.jar%23223%23226!/ Service=ModLauncher Env=CLIENT
[03:16:53] [pool-2-thread-1/INFO]: GL info: NVIDIA GeForce RTX 3070/PCIe/SSE2 GL version 4.6.0 NVIDIA 581.80, NVIDIA Corporation
[03:16:53] [main/INFO]: Found mod file Connector-1.0.0-beta.47+1.20.1-mod.jar of type MOD with provider org.sinytra.connector.locator.ConnectorEarlyLocator@522ba524
[03:16:54] [main/INFO]: Found mod file architectury-9.2.14-forge.jar of type MOD with provider {mods folder locator at C:\Users\smoky\curseforge\minecraft\Instances\Chaos Town Test (1)\mods}
[03:16:54] [main/INFO]: Found mod file balm-forge-1.20.1-7.3.37-all.jar of type MOD with provider {mods folder locator at C:\Users\smoky\curseforge\minecraft\Instances\Chaos Town Test (1)\mods}
[03:16:54] [main/INFO]: Found mod file bendy-lib-forge-4.0.0.jar of type MOD with provider {mods folder locator at C:\Users\smoky\curseforge\minecraft\Instances\Chaos Town Test (1)\mods}
[03:16:54] [main/INFO]: Found mod file BiomesOPlenty-1.20.1-18.0.0.592.jar of type MOD with provider {mods folder locator at C:\Users\smoky\curseforge\minecraft\Instances\Chaos Town Test (1)\mods}
[03:16:54] [main/INFO]: Found mod file citadel-2.6.2-1.20.1.jar of type MOD with provider {mods folder locator at C:\Users\smoky\curseforge\minecraft\Instances\Chaos Town Test (1)\mods}
[03:16:54] [main/INFO]: Found mod file cobweb-forge-1.20.1-1.0.1.jar of type MOD with provider {mods folder locator at C:\Users\smoky\curseforge\minecraft\Instances\Chaos Town Test (1)\mods}
[03:16:54] [main/INFO]: Found mod file collective-1.20.1-8.13.jar of type MOD with provider {mods folder locator at C:\Users\smoky\curseforge\minecraft\Instances\Chaos Town Test (1)\mods}
[03:16:54] [main/INFO]: Found mod file configured-forge-1.20.1-2.2.3.jar of type MOD with provider {mods folder locator at C:\Users\smoky\curseforge\minecraft\Instances\Chaos Town Test (1)\mods}
[03:16:54] [main/INFO]: Found mod file continuity-3.0.0+1.20.1.forge.jar of type MOD with provider {mods folder locator at C:\Users\smoky\curseforge\minecraft\Instances\Chaos Town Test (1)\mods}
[03:16:54] [main/INFO]: Found mod file curios-forge-5.14.1+1.20.1.jar of type MOD with provider {mods folder locator at C:\Users\smoky\curseforge\minecraft\Instances\Chaos Town Test (1)\mods}
[03:16:54] [main/INFO]: Found mod file deimos-1.20.1-forge-2.5.jar of type MOD with provider {mods folder locator at C:\Users\smoky\curseforge\minecraft\Instances\Chaos Town Test (1)\mods}
[03:16:54] [main/INFO]: Found mod file DragNs_Livestock_Overhaul-1.20.1-3.4.1.jar of type MOD with provider {mods folder locator at C:\Users\smoky\curseforge\minecraft\Instances\Chaos Town Test (1)\mods}
[03:16:54] [main/INFO]: Found mod file DragNs_Pet_Overhaul-1.20.1-1.9.jar of type MOD with provider {mods folder locator at C:\Users\smoky\curseforge\minecraft\Instances\Chaos Town Test (1)\mods}
[03:16:54] [main/INFO]: Found mod file DungeonsArise-1.20.x-2.1.58-release.jar of type MOD with provider {mods folder locator at C:\Users\smoky\curseforge\minecraft\Instances\Chaos Town Test (1)\mods}
[03:16:54] [main/INFO]: Found mod file ecologics-forge-1.20.1-2.2.2.jar of type MOD with provider {mods folder locator at C:\Users\smoky\curseforge\minecraft\Instances\Chaos Town Test (1)\mods}
[03:16:54] [main/INFO]: Found mod file embeddium-0.3.31+mc1.20.1.jar of type MOD with provider {mods folder locator at C:\Users\smoky\curseforge\minecraft\Instances\Chaos Town Test (1)\mods}
[03:16:54] [main/INFO]: Found mod file entity_model_features_1.20.1-forge-3.0.7.jar of type MOD with provider {mods folder locator at C:\Users\smoky\curseforge\minecraft\Instances\Chaos Town Test (1)\mods}
[03:16:54] [main/INFO]: Found mod file entity_texture_features_1.20.1-forge-7.0.6.jar of type MOD with provider {mods folder locator at C:\Users\smoky\curseforge\minecraft\Instances\Chaos Town Test (1)\mods}
[03:16:54] [main/INFO]: Found mod file fabric-api-0.92.6+1.11.14+1.20.1.jar of type MOD with provider {mods folder locator at C:\Users\smoky\curseforge\minecraft\Instances\Chaos Town Test (1)\mods}
[03:16:54] [main/INFO]: Found mod file FarmersDelight-1.20.1-1.2.9.jar of type MOD with provider {mods folder locator at C:\Users\smoky\curseforge\minecraft\Instances\Chaos Town Test (1)\mods}
[03:16:54] [main/INFO]: Found mod file Forgematica-0.1.13-mc1.20.1.jar of type MOD with provider {mods folder locator at C:\Users\smoky\curseforge\minecraft\Instances\Chaos Town Test (1)\mods}
[03:16:54] [main/INFO]: Found mod file fossil-forge-1.20.1-9.3.0.2.jar of type MOD with provider {mods folder locator at C:\Users\smoky\curseforge\minecraft\Instances\Chaos Town Test (1)\mods}
[03:16:54] [main/INFO]: Found mod file FramedBlocks-9.4.2.jar of type MOD with provider {mods folder locator at C:\Users\smoky\curseforge\minecraft\Instances\Chaos Town Test (1)\mods}
[03:16:54] [main/INFO]: Found mod file framework-forge-1.20.1-0.7.15.jar of type MOD with provider {mods folder locator at C:\Users\smoky\curseforge\minecraft\Instances\Chaos Town Test (1)\mods}
[03:16:54] [main/INFO]: Found mod file fusion-1.2.11a-forge-mc1.20.1.jar of type MOD with provider {mods folder locator at C:\Users\smoky\curseforge\minecraft\Instances\Chaos Town Test (1)\mods}
[03:16:54] [main/INFO]: Found mod file geckolib-forge-1.20.1-4.8.2.jar of type MOD with provider {mods folder locator at C:\Users\smoky\curseforge\minecraft\Instances\Chaos Town Test (1)\mods}
[03:16:54] [main/INFO]: Found mod file GlitchCore-forge-1.20.1-0.0.1.1.jar of type MOD with provider {mods folder locator at C:\Users\smoky\curseforge\minecraft\Instances\Chaos Town Test (1)\mods}
[03:16:54] [main/INFO]: Found mod file harvest-with-ease-forge-1.20.1-9.4.0.jar of type MOD with provider {mods folder locator at C:\Users\smoky\curseforge\minecraft\Instances\Chaos Town Test (1)\mods}
[03:16:54] [main/INFO]: Found mod file iceandfire-2.1.13-1.20.1-beta-5.jar of type MOD with provider {mods folder locator at C:\Users\smoky\curseforge\minecraft\Instances\Chaos Town Test (1)\mods}
[03:16:54] [main/INFO]: Found mod file itemmodifiers-0.0.4.jar of type MOD with provider {mods folder locator at C:\Users\smoky\curseforge\minecraft\Instances\Chaos Town Test (1)\mods}
[03:16:54] [main/INFO]: Found mod file Jade-1.20.1-Forge-11.13.2.jar of type MOD with provider {mods folder locator at C:\Users\smoky\curseforge\minecraft\Instances\Chaos Town Test (1)\mods}
[03:16:54] [main/INFO]: Found mod file jeed-1.20-2.2.5.jar of type MOD with provider {mods folder locator at C:\Users\smoky\curseforge\minecraft\Instances\Chaos Town Test (1)\mods}
[03:16:54] [main/INFO]: Found mod file jei-1.20.1-forge-15.20.0.112.jar of type MOD with provider {mods folder locator at C:\Users\smoky\curseforge\minecraft\Instances\Chaos Town Test (1)\mods}
[03:16:54] [main/INFO]: Found mod file justenoughbreeding-forge-1.20-1.20.1-2.3.0.jar of type MOD with provider {mods folder locator at C:\Users\smoky\curseforge\minecraft\Instances\Chaos Town Test (1)\mods}
[03:16:54] [main/INFO]: Found mod file JustEnoughProfessions-forge-1.20.1-3.0.1.jar of type MOD with provider {mods folder locator at C:\Users\smoky\curseforge\minecraft\Instances\Chaos Town Test (1)\mods}
[03:16:54] [main/INFO]: Found mod file JustEnoughResources-1.20.1-1.4.0.247.jar of type MOD with provider {mods folder locator at C:\Users\smoky\curseforge\minecraft\Instances\Chaos Town Test (1)\mods}
[03:16:54] [main/INFO]: Found mod file lootr-forge-1.20-0.7.35.94.jar of type MOD with provider {mods folder locator at C:\Users\smoky\curseforge\minecraft\Instances\Chaos Town Test (1)\mods}
[03:16:54] [main/INFO]: Found mod file MaFgLib-0.1.14-mc1.20.1.jar of type MOD with provider {mods folder locator at C:\Users\smoky\curseforge\minecraft\Instances\Chaos Town Test (1)\mods}
[03:16:54] [main/INFO]: Found mod file minecraft-comes-alive-7.6.12+1.20.1-universal.jar of type MOD with provider {mods folder locator at C:\Users\smoky\curseforge\minecraft\Instances\Chaos Town Test (1)\mods}
[03:16:54] [main/INFO]: Found mod file morehitboxes-forge-1.20.1-1.9.2.jar of type MOD with provider {mods folder locator at C:\Users\smoky\curseforge\minecraft\Instances\Chaos Town Test (1)\mods}
[03:16:54] [main/INFO]: Found mod file MouseTweaks-forge-mc1.20.1-2.25.1.jar of type MOD with provider {mods folder locator at C:\Users\smoky\curseforge\minecraft\Instances\Chaos Town Test (1)\mods}
[03:16:54] [main/INFO]: Found mod file MyServerIsCompatible-1.20-1.0.jar of type MOD with provider {mods folder locator at C:\Users\smoky\curseforge\minecraft\Instances\Chaos Town Test (1)\mods}
[03:16:54] [main/INFO]: Found mod file oculus-mc1.20.1-1.8.0.jar of type MOD with provider {mods folder locator at C:\Users\smoky\curseforge\minecraft\Instances\Chaos Town Test (1)\mods}
[03:16:54] [main/INFO]: Found mod file Patchouli-1.20.1-84.1-FORGE.jar of type MOD with provider {mods folder locator at C:\Users\smoky\curseforge\minecraft\Instances\Chaos Town Test (1)\mods}
[03:16:54] [main/INFO]: Found mod file player-animation-lib-forge-1.0.2-rc1+1.20.jar of type MOD with provider {mods folder locator at C:\Users\smoky\curseforge\minecraft\Instances\Chaos Town Test (1)\mods}
[03:16:54] [main/INFO]: Found mod file pmmo-1.20.1-1.7.39.jar of type MOD with provider {mods folder locator at C:\Users\smoky\curseforge\minecraft\Instances\Chaos Town Test (1)\mods}
[03:16:54] [main/INFO]: Found mod file pmmo_farmers_compat-1.20.1-1.0.4.jar of type MOD with provider {mods folder locator at C:\Users\smoky\curseforge\minecraft\Instances\Chaos Town Test (1)\mods}
[03:16:54] [main/INFO]: Found mod file refurbished_furniture-forge-1.20.1-1.0.20.jar of type MOD with provider {mods folder locator at C:\Users\smoky\curseforge\minecraft\Instances\Chaos Town Test (1)\mods}
[03:16:54] [main/INFO]: Found mod file SereneSeasons-forge-1.20.1-9.1.0.2.jar of type MOD with provider {mods folder locator at C:\Users\smoky\curseforge\minecraft\Instances\Chaos Town Test (1)\mods}
[03:16:54] [main/INFO]: Found mod file serversidehorror-1.20.1-forge-4.jar of type MOD with provider {mods folder locator at C:\Users\smoky\curseforge\minecraft\Instances\Chaos Town Test (1)\mods}
[03:16:54] [main/INFO]: Found mod file sodiumoptionsapi-forge-1.0.10-1.20.1.jar of type MOD with provider {mods folder locator at C:\Users\smoky\curseforge\minecraft\Instances\Chaos Town Test (1)\mods}
[03:16:54] [main/INFO]: Found mod file sodiumoptionsmodcompat-forge-1.0.0-1.20.1.jar of type MOD with provider {mods folder locator at C:\Users\smoky\curseforge\minecraft\Instances\Chaos Town Test (1)\mods}
[03:16:54] [main/INFO]: Found mod file spartanfire-1.20.1-2.1.0.jar of type MOD with provider {mods folder locator at C:\Users\smoky\curseforge\minecraft\Instances\Chaos Town Test (1)\mods}
[03:16:54] [main/INFO]: Found mod file spartantoolkit-1.20.1-1.6.1.jar of type MOD with provider {mods folder locator at C:\Users\smoky\curseforge\minecraft\Instances\Chaos Town Test (1)\mods}
[03:16:54] [main/INFO]: Found mod file SpartanWeaponry-1.20.1-forge-3.2.1-all.jar of type MOD with provider {mods folder locator at C:\Users\smoky\curseforge\minecraft\Instances\Chaos Town Test (1)\mods}
[03:16:54] [main/INFO]: Found mod file swem-1.20.1-1.6.3.jar of type MOD with provider {mods folder locator at C:\Users\smoky\curseforge\minecraft\Instances\Chaos Town Test (1)\mods}
[03:16:54] [main/INFO]: Found mod file TerraBlender-forge-1.20.1-3.0.1.10.jar of type MOD with provider {mods folder locator at C:\Users\smoky\curseforge\minecraft\Instances\Chaos Town Test (1)\mods}
[03:16:54] [main/INFO]: Found mod file travelersbackpack-forge-1.20.1-9.1.45.jar of type MOD with provider {mods folder locator at C:\Users\smoky\curseforge\minecraft\Instances\Chaos Town Test (1)\mods}
[03:16:54] [main/INFO]: Found mod file treeharvester-1.20.1-9.1.jar of type MOD with provider {mods folder locator at C:\Users\smoky\curseforge\minecraft\Instances\Chaos Town Test (1)\mods}
[03:16:54] [main/INFO]: Found mod file walljump-1.20.1-1.3.5-forge.jar of type MOD with provider {mods folder locator at C:\Users\smoky\curseforge\minecraft\Instances\Chaos Town Test (1)\mods}
[03:16:54] [main/INFO]: Found mod file waystoneinjector-3.0.228.jar of type MOD with provider {mods folder locator at C:\Users\smoky\curseforge\minecraft\Instances\Chaos Town Test (1)\mods}
[03:16:54] [main/INFO]: Found mod file waystones-forge-1.20.1-14.1.17.jar of type MOD with provider {mods folder locator at C:\Users\smoky\curseforge\minecraft\Instances\Chaos Town Test (1)\mods}
[03:16:54] [main/INFO]: Found mod file workdog-1.20.1-0.1.2-lite.jar of type MOD with provider {mods folder locator at C:\Users\smoky\curseforge\minecraft\Instances\Chaos Town Test (1)\mods}
[03:16:54] [main/INFO]: Found mod file Xaeros_Minimap_25.2.10_Forge_1.20.jar of type MOD with provider {mods folder locator at C:\Users\smoky\curseforge\minecraft\Instances\Chaos Town Test (1)\mods}
[03:16:54] [main/INFO]: Found mod file xaeros_waystones_compability-1.0.jar of type MOD with provider {mods folder locator at C:\Users\smoky\curseforge\minecraft\Instances\Chaos Town Test (1)\mods}
[03:16:54] [main/INFO]: Found mod file XaerosWorldMap_1.39.12_Forge_1.20.jar of type MOD with provider {mods folder locator at C:\Users\smoky\curseforge\minecraft\Instances\Chaos Town Test (1)\mods}
[03:16:54] [main/WARN]: Mod file C:\Users\smoky\curseforge\minecraft\Install\libraries\net\minecraftforge\fmlcore\1.20.1-47.4.0\fmlcore-1.20.1-47.4.0.jar is missing mods.toml file
[03:16:54] [main/WARN]: Mod file C:\Users\smoky\curseforge\minecraft\Install\libraries\net\minecraftforge\javafmllanguage\1.20.1-47.4.0\javafmllanguage-1.20.1-47.4.0.jar is missing mods.toml file
[03:16:54] [main/WARN]: Mod file C:\Users\smoky\curseforge\minecraft\Install\libraries\net\minecraftforge\lowcodelanguage\1.20.1-47.4.0\lowcodelanguage-1.20.1-47.4.0.jar is missing mods.toml file
[03:16:54] [main/WARN]: Mod file C:\Users\smoky\curseforge\minecraft\Install\libraries\net\minecraftforge\mclanguage\1.20.1-47.4.0\mclanguage-1.20.1-47.4.0.jar is missing mods.toml file
[03:16:54] [main/INFO]: Found mod file fmlcore-1.20.1-47.4.0.jar of type LIBRARY with provider net.minecraftforge.fml.loading.moddiscovery.MinecraftLocator@5fad41be
[03:16:54] [main/INFO]: Found mod file javafmllanguage-1.20.1-47.4.0.jar of type LANGPROVIDER with provider net.minecraftforge.fml.loading.moddiscovery.MinecraftLocator@5fad41be
[03:16:54] [main/INFO]: Found mod file lowcodelanguage-1.20.1-47.4.0.jar of type LANGPROVIDER with provider net.minecraftforge.fml.loading.moddiscovery.MinecraftLocator@5fad41be
[03:16:54] [main/INFO]: Found mod file mclanguage-1.20.1-47.4.0.jar of type LANGPROVIDER with provider net.minecraftforge.fml.loading.moddiscovery.MinecraftLocator@5fad41be
[03:16:54] [main/INFO]: Found mod file client-1.20.1-20230612.114412-srg.jar of type MOD with provider net.minecraftforge.fml.loading.moddiscovery.MinecraftLocator@5fad41be
[03:16:54] [main/INFO]: Found mod file forge-1.20.1-47.4.0-universal.jar of type MOD with provider net.minecraftforge.fml.loading.moddiscovery.MinecraftLocator@5fad41be
[03:16:54] [main/INFO]: Found 53 dependencies adding them to mods collection
[03:16:54] [main/INFO]: Found mod file fabric-dimensions-v1-2.1.55+8005d10d77.jar of type MOD with provider net.minecraftforge.fml.loading.moddiscovery.JarInJarDependencyLocator@26f46fa6
[03:16:54] [main/INFO]: Found mod file fabric-transfer-api-v1-3.3.6+631c9cd677.jar of type MOD with provider net.minecraftforge.fml.loading.moddiscovery.JarInJarDependencyLocator@26f46fa6
[03:16:54] [main/INFO]: Found mod file kuma-api-forge-20.1.12+1.20.1.jar of type MOD with provider net.minecraftforge.fml.loading.moddiscovery.JarInJarDependencyLocator@26f46fa6
[03:16:54] [main/INFO]: Found mod file fabric-renderer-api-v1-3.2.2+cf68abbe77.jar of type MOD with provider net.minecraftforge.fml.loading.moddiscovery.JarInJarDependencyLocator@26f46fa6
[03:16:54] [main/INFO]: Found mod file fabric-item-api-v1-2.1.29+4d0bbcfa77.jar of type MOD with provider net.minecraftforge.fml.loading.moddiscovery.JarInJarDependencyLocator@26f46fa6
[03:16:54] [main/INFO]: Found mod file fabric-model-loading-api-v1-1.0.4+6274ab9d77.jar of type MOD with provider net.minecraftforge.fml.loading.moddiscovery.JarInJarDependencyLocator@26f46fa6
[03:16:54] [main/INFO]: Found mod file fabric-rendering-fluids-v1-3.0.29+4ac5e37a77.jar of type MOD with provider net.minecraftforge.fml.loading.moddiscovery.JarInJarDependencyLocator@26f46fa6
[03:16:54] [main/INFO]: Found mod file fabric-screen-handler-api-v1-1.3.33+561530ec77.jar of type MOD with provider net.minecraftforge.fml.loading.moddiscovery.JarInJarDependencyLocator@26f46fa6
[03:16:54] [main/INFO]: Found mod file configlibtxf-4.2.8-forge.jar of type MOD with provider net.minecraftforge.fml.loading.moddiscovery.JarInJarDependencyLocator@26f46fa6
[03:16:54] [main/INFO]: Found mod file fabric-models-v0-0.4.3+7c3892a477.jar of type MOD with provider net.minecraftforge.fml.loading.moddiscovery.JarInJarDependencyLocator@26f46fa6
[03:16:54] [main/INFO]: Found mod file fabric-resource-loader-v0-0.11.12+4b4151c077.jar of type MOD with provider net.minecraftforge.fml.loading.moddiscovery.JarInJarDependencyLocator@26f46fa6
[03:16:54] [main/INFO]: Found mod file mclib-20.jar of type GAMELIBRARY with provider net.minecraftforge.fml.loading.moddiscovery.JarInJarDependencyLocator@26f46fa6
[03:16:54] [main/INFO]: Found mod file fabric-rendering-v1-3.0.9+66e9a48f77.jar of type MOD with provider net.minecraftforge.fml.loading.moddiscovery.JarInJarDependencyLocator@26f46fa6
[03:16:54] [main/INFO]: Found mod file fabric-renderer-indigo-1.5.3+b5b2da4177.jar of type MOD with provider net.minecraftforge.fml.loading.moddiscovery.JarInJarDependencyLocator@26f46fa6
[03:16:54] [main/INFO]: Found mod file fabric-convention-tags-v1-1.5.6+fa3d1c0177.jar of type MOD with provider net.minecraftforge.fml.loading.moddiscovery.JarInJarDependencyLocator@26f46fa6
[03:16:54] [main/INFO]: Found mod file fabric-mining-level-api-v1-2.1.52+561530ec77.jar of type MOD with provider net.minecraftforge.fml.loading.moddiscovery.JarInJarDependencyLocator@26f46fa6
[03:16:54] [main/INFO]: Found mod file fabric-command-api-v1-1.2.35+f71b366f77.jar of type MOD with provider net.minecraftforge.fml.loading.moddiscovery.JarInJarDependencyLocator@26f46fa6
[03:16:54] [main/INFO]: Found mod file fabric-block-view-api-v2-1.0.3+53347ba977.jar of type MOD with provider net.minecraftforge.fml.loading.moddiscovery.JarInJarDependencyLocator@26f46fa6
[03:16:54] [main/INFO]: Found mod file MixinExtras-0.4.1.jar of type GAMELIBRARY with provider net.minecraftforge.fml.loading.moddiscovery.JarInJarDependencyLocator@26f46fa6
[03:16:54] [main/INFO]: Found mod file fabric-command-api-v2-2.2.14+561530ec77.jar of type MOD with provider net.minecraftforge.fml.loading.moddiscovery.JarInJarDependencyLocator@26f46fa6
[03:16:54] [main/INFO]: Found mod file fabric-data-attachment-api-v1-1.0.2+30ef839e77.jar of type MOD with provider net.minecraftforge.fml.loading.moddiscovery.JarInJarDependencyLocator@26f46fa6
[03:16:54] [main/INFO]: Found mod file mixinextras-forge-0.4.1.jar of type GAMELIBRARY with provider net.minecraftforge.fml.loading.moddiscovery.JarInJarDependencyLocator@26f46fa6
[03:16:54] [main/INFO]: Found mod file fabric-screen-api-v1-2.0.9+45a670a577.jar of type MOD with provider net.minecraftforge.fml.loading.moddiscovery.JarInJarDependencyLocator@26f46fa6
[03:16:54] [main/INFO]: Found mod file Connector-1.0.0-beta.47+1.20.1-fabricloader.jar of type LIBRARY with provider net.minecraftforge.fml.loading.moddiscovery.JarInJarDependencyLocator@26f46fa6
[03:16:54] [main/INFO]: Found mod file fabric-particles-v1-1.1.3+78e1ecb877.jar of type MOD with provider net.minecraftforge.fml.loading.moddiscovery.JarInJarDependencyLocator@26f46fa6
[03:16:54] [main/INFO]: Found mod file fabric-content-registries-v0-4.0.13+a670df1e77.jar of type MOD with provider net.minecraftforge.fml.loading.moddiscovery.JarInJarDependencyLocator@26f46fa6
[03:16:54] [main/INFO]: Found mod file fabric-transitive-access-wideners-v1-4.3.2+1880499877.jar of type MOD with provider net.minecraftforge.fml.loading.moddiscovery.JarInJarDependencyLocator@26f46fa6
[03:16:54] [main/INFO]: Found mod file fabric-game-rule-api-v1-1.0.41+683d4da877.jar of type MOD with provider net.minecraftforge.fml.loading.moddiscovery.JarInJarDependencyLocator@26f46fa6
[03:16:54] [main/INFO]: Found mod file fabric-api-base-0.4.32+ef105b4977.jar of type MOD with provider net.minecraftforge.fml.loading.moddiscovery.JarInJarDependencyLocator@26f46fa6
[03:16:54] [main/INFO]: Found mod file runtime-1.0.0+1.20.1.jar of type GAMELIBRARY with provider net.minecraftforge.fml.loading.moddiscovery.JarInJarDependencyLocator@26f46fa6
[03:16:54] [main/INFO]: Found mod file fabric-api-lookup-api-v1-1.6.37+67f9824077.jar of type MOD with provider net.minecraftforge.fml.loading.moddiscovery.JarInJarDependencyLocator@26f46fa6
[03:16:54] [main/INFO]: Found mod file fabric-blockrenderlayer-v1-1.1.42+1d0da21e77.jar of type MOD with provider net.minecraftforge.fml.loading.moddiscovery.JarInJarDependencyLocator@26f46fa6
[03:16:54] [main/INFO]: Found mod file fabric-block-api-v1-1.0.12+0e6cb7f777.jar of type MOD with provider net.minecraftforge.fml.loading.moddiscovery.JarInJarDependencyLocator@26f46fa6
[03:16:54] [main/INFO]: Found mod file httpmime-4.5.10.jar of type GAMELIBRARY with provider net.minecraftforge.fml.loading.moddiscovery.JarInJarDependencyLocator@26f46fa6
[03:16:54] [main/INFO]: Found mod file fabric-resource-conditions-api-v1-2.3.9+996d00b277.jar of type MOD with provider net.minecraftforge.fml.loading.moddiscovery.JarInJarDependencyLocator@26f46fa6
[03:16:54] [main/INFO]: Found mod file fabric-item-group-api-v1-4.0.14+c9161c2d77.jar of type MOD with provider net.minecraftforge.fml.loading.moddiscovery.JarInJarDependencyLocator@26f46fa6
[03:16:54] [main/INFO]: Found mod file jcpp-1.4.14.jar of type GAMELIBRARY with provider net.minecraftforge.fml.loading.moddiscovery.JarInJarDependencyLocator@26f46fa6
[03:16:54] [main/INFO]: Found mod file fabric-biome-api-v1-13.0.14+dc36698e77.jar of type MOD with provider net.minecraftforge.fml.loading.moddiscovery.JarInJarDependencyLocator@26f46fa6
[03:16:54] [main/INFO]: Found mod file fabric-entity-events-v1-1.6.1+4ca7515277.jar of type MOD with provider net.minecraftforge.fml.loading.moddiscovery.JarInJarDependencyLocator@26f46fa6
[03:16:54] [main/INFO]: Found mod file fabric-registry-sync-v0-2.3.6+1c0ea72177.jar of type MOD with provider net.minecraftforge.fml.loading.moddiscovery.JarInJarDependencyLocator@26f46fa6
[03:16:54] [main/INFO]: Found mod file fabric-recipe-api-v1-1.0.24+514a076577.jar of type MOD with provider net.minecraftforge.fml.loading.moddiscovery.JarInJarDependencyLocator@26f46fa6
[03:16:54] [main/INFO]: Found mod file fabric-loot-api-v2-1.2.3+eb28f93e77.jar of type MOD with provider net.minecraftforge.fml.loading.moddiscovery.JarInJarDependencyLocator@26f46fa6
[03:16:54] [main/INFO]: Found mod file fabric-object-builder-api-v1-11.1.5+f8c414ce77.jar of type MOD with provider net.minecraftforge.fml.loading.moddiscovery.JarInJarDependencyLocator@26f46fa6
[03:16:54] [main/INFO]: Found mod file fabric-rendering-data-attachment-v1-0.3.39+a6081afc77.jar of type MOD with provider net.minecraftforge.fml.loading.moddiscovery.JarInJarDependencyLocator@26f46fa6
[03:16:54] [main/INFO]: Found mod file fabric-networking-api-v1-1.3.14+fb7c822677.jar of type MOD with provider net.minecraftforge.fml.loading.moddiscovery.JarInJarDependencyLocator@26f46fa6
[03:16:54] [main/INFO]: Found mod file caffeine-3.2.1.jar of type GAMELIBRARY with provider net.minecraftforge.fml.loading.moddiscovery.JarInJarDependencyLocator@26f46fa6
[03:16:54] [main/INFO]: Found mod file fabric-sound-api-v1-1.0.14+4f23bd8477.jar of type MOD with provider net.minecraftforge.fml.loading.moddiscovery.JarInJarDependencyLocator@26f46fa6
[03:16:54] [main/INFO]: Found mod file fabric-message-api-v1-5.1.10+52cc178c77.jar of type MOD with provider net.minecraftforge.fml.loading.moddiscovery.JarInJarDependencyLocator@26f46fa6
[03:16:54] [main/INFO]: Found mod file fabric-lifecycle-events-v1-2.2.23+afab492177.jar of type MOD with provider net.minecraftforge.fml.loading.moddiscovery.JarInJarDependencyLocator@26f46fa6
[03:16:54] [main/INFO]: Found mod file fabric-data-generation-api-v1-12.3.7+369cb3a477.jar of type MOD with provider net.minecraftforge.fml.loading.moddiscovery.JarInJarDependencyLocator@26f46fa6
[03:16:54] [main/INFO]: Found mod file fabric-events-interaction-v0-0.6.5+0f26153f77.jar of type MOD with provider net.minecraftforge.fml.loading.moddiscovery.JarInJarDependencyLocator@26f46fa6
[03:16:54] [main/INFO]: Found mod file fabric-key-binding-api-v1-1.0.38+561530ec77.jar of type MOD with provider net.minecraftforge.fml.loading.moddiscovery.JarInJarDependencyLocator@26f46fa6
[03:16:54] [main/INFO]: Found mod file fabric-client-tags-api-v1-1.1.3+5d6761b877.jar of type MOD with provider net.minecraftforge.fml.loading.moddiscovery.JarInJarDependencyLocator@26f46fa6
[03:16:55] [main/INFO]: Dependency resolution found 1 candidates to load
[03:16:55] [main/INFO]: Found mod file continuity-3.0.0+1.20.1.forge_mapped_srg_1.20.1.jar of type MOD with provider org.sinytra.connector.locator.ConnectorLocator@21263314
[03:16:56] [main/INFO]: Successfully made module authlib transformable
[03:16:58] [main/INFO]: Compatibility level set to JAVA_17
[03:16:58] [main/INFO]: Launching target 'forgeclient' with arguments [--version, forge-47.4.0, --gameDir, C:\Users\smoky\curseforge\minecraft\Instances\Chaos Town Test (1), --assetsDir, C:\Users\smoky\curseforge\minecraft\Install\assets, --uuid, 23a2873cb81f4ee59a08dd1f1f0bf6d5, --username, SmokyDaStona, --assetIndex, 5, --accessToken, ????????, --clientId, NTNmYmRlYjktNDlhZC00ZjhhLTlhMmYtY2QyZGM2NTA0ZTcy, --xuid, 2533274813778753, --userType, msa, --versionType, release, --width, 1024, --height, 768, --quickPlayPath, C:\Users\smoky\curseforge\minecraft\Install\quickPlay\java\1765019809238.json]
[03:16:59] [main/WARN]: Reference map 'cobweb.refmap.json' for cobweb.mixins.json could not be read. If this is a development environment you can ignore this message
[03:16:59] [main/WARN]: Reference map 'cobweb.refmap.json' for cobweb.forge.mixins.json could not be read. If this is a development environment you can ignore this message
[03:16:59] [main/INFO]: Loaded configuration file for Embeddium: 160 options available, 3 override(s) found
[03:16:59] [main/INFO]: Searching for graphics cards...
[03:16:59] [main/INFO]: Found graphics card: GraphicsAdapterInfo[vendor=UNKNOWN, name=Virtual Desktop Monitor, version=DriverVersion=13.50.53.699]
[03:16:59] [main/INFO]: Found graphics card: GraphicsAdapterInfo[vendor=UNKNOWN, name=Meta Virtual Monitor, version=DriverVersion=17.12.55.198]
[03:16:59] [main/INFO]: Found graphics card: GraphicsAdapterInfo[vendor=NVIDIA, name=NVIDIA GeForce RTX 3070, version=DriverVersion=32.0.15.8180]
[03:16:59] [main/WARN]: Embeddium has applied one or more workarounds to prevent crashes or other issues on your system: [NVIDIA_THREADED_OPTIMIZATIONS]
[03:16:59] [main/WARN]: This is not necessarily an issue, but it may result in certain features or optimizations being disabled. You can sometimes fix these issues by upgrading your graphics driver.
[03:16:59] [main/WARN]: Reference map 'harvest_with_ease.refmap.json' for harvest_with_ease.mixins.json could not be read. If this is a development environment you can ignore this message
[03:16:59] [main/WARN]: Reference map 'harvest_with_ease.refmap.json' for harvest_with_ease.forge.mixins.json could not be read. If this is a development environment you can ignore this message
[03:16:59] [main/WARN]: Reference map 'waystoneinjector.refmap.json' for waystoneinjector.mixins.json could not be read. If this is a development environment you can ignore this message
[03:16:59] [main/WARN]: Reference map '' for adapter.init.mixins.json could not be read. If this is a development environment you can ignore this message
[03:17:00] [main/WARN]: Error loading class: net/raphimc/immediatelyfast/feature/core/BatchableBufferSource (java.lang.ClassNotFoundException: net.raphimc.immediatelyfast.feature.core.BatchableBufferSource)
[03:17:00] [main/WARN]: Error loading class: dev/tr7zw/skinlayers/render/CustomizableModelPart (java.lang.ClassNotFoundException: dev.tr7zw.skinlayers.render.CustomizableModelPart)
[03:17:01] [main/WARN]: Error loading class: mekanism/client/render/entity/RenderFlame (java.lang.ClassNotFoundException: mekanism.client.render.entity.RenderFlame)
[03:17:01] [main/WARN]: Error loading class: mekanism/client/render/armor/MekaSuitArmor (java.lang.ClassNotFoundException: mekanism.client.render.armor.MekaSuitArmor)
[03:17:01] [main/WARN]: Error loading class: dynamic_fps/impl/DynamicFPSMod (java.lang.ClassNotFoundException: dynamic_fps.impl.DynamicFPSMod)
[03:17:01] [main/WARN]: @Mixin target dynamic_fps.impl.DynamicFPSMod was not found mixins.sodiumoptionsmodcompat.json:DynamicFPSConfigAccessor from mod sodiumoptionsmodcompat
[03:17:01] [main/WARN]: Error loading class: tschipp/carryon/common/carry/PickupHandler (java.lang.ClassNotFoundException: tschipp.carryon.common.carry.PickupHandler)
[03:17:01] [main/WARN]: @Mixin target tschipp.carryon.common.carry.PickupHandler was not found fossil_forge.mixins.json:PickupHandlerMixin from mod fossil
[03:17:01] [main/WARN]: @Mixin target net.blay09.mods.waystones.client.ModScreens is public in waystoneinjector.mixins.json:MixinModScreens from mod waystoneinjector and should be specified in value
[03:17:01] [main/WARN]: Force-disabling mixin 'features.render.world.sky.WorldRendererMixin' as rule 'mixin.features.render.world.sky' (added by mods [oculus]) disables it and children
[03:17:01] [main/WARN]: Force-disabling mixin 'features.render.world.sky.ClientWorldMixin' as rule 'mixin.features.render.world.sky' (added by mods [oculus]) disables it and children
[03:17:01] [main/WARN]: Force-disabling mixin 'features.render.world.sky.BackgroundRendererMixin' as rule 'mixin.features.render.world.sky' (added by mods [oculus]) disables it and children
[03:17:01] [main/WARN]: Force-disabling mixin 'features.render.gui.font.GlyphRendererMixin' as rule 'mixin.features.render.gui.font' (added by mods [oculus]) disables it and children
[03:17:01] [main/WARN]: Force-disabling mixin 'features.render.gui.font.FontSetMixin' as rule 'mixin.features.render.gui.font' (added by mods [oculus]) disables it and children
[03:17:01] [main/WARN]: Force-disabling mixin 'features.render.entity.shadows.EntityRenderDispatcherMixin' as rule 'mixin.features.render.entity' (added by mods [oculus]) disables it and children
[03:17:01] [main/WARN]: Force-disabling mixin 'features.render.entity.remove_streams.ModelPartMixin' as rule 'mixin.features.render.entity' (added by mods [oculus]) disables it and children
[03:17:01] [main/WARN]: Force-disabling mixin 'features.render.entity.remove_streams.HierarchicalModelMixin' as rule 'mixin.features.render.entity' (added by mods [oculus]) disables it and children
[03:17:01] [main/WARN]: Force-disabling mixin 'features.render.entity.fast_render.ModelPartMixin' as rule 'mixin.features.render.entity' (added by mods [oculus]) disables it and children
[03:17:01] [main/WARN]: Force-disabling mixin 'features.render.entity.fast_render.CuboidMixin' as rule 'mixin.features.render.entity' (added by mods [oculus]) disables it and children
[03:17:01] [main/WARN]: Force-disabling mixin 'features.render.entity.cull.EntityRendererMixin' as rule 'mixin.features.render.entity' (added by mods [oculus]) disables it and children
[03:17:01] [main/INFO]: Initializing MixinExtras via com.llamalad7.mixinextras.service.MixinExtrasServiceImpl(version=0.4.1).
[03:17:02] [main/INFO]: Mixing MixinMinecraft from waystoneinjector.mixins.json into net.minecraft.client.Minecraft
[03:17:02] [main/FATAL]: Mixin apply for mod waystoneinjector failed waystoneinjector.mixins.json:MixinMinecraft from mod waystoneinjector -> net.minecraft.client.Minecraft: org.spongepowered.asm.mixin.injection.throwables.InvalidInjectionException Critical injection failure: @ModifyVariable annotation on replaceWaystoneScreenAtDisplay could not find any targets matching 'setScreen' in net.minecraft.client.Minecraft. No refMap loaded. [PREINJECT Applicator Phase -> waystoneinjector.mixins.json:MixinMinecraft from mod waystoneinjector -> Prepare Injections ->  -> localvar$cmg000$waystoneinjector$replaceWaystoneScreenAtDisplay(Lnet/minecraft/client/gui/screens/Screen;)Lnet/minecraft/client/gui/screens/Screen; -> Parse]
org.spongepowered.asm.mixin.injection.throwables.InvalidInjectionException: Critical injection failure: @ModifyVariable annotation on replaceWaystoneScreenAtDisplay could not find any targets matching 'setScreen' in net.minecraft.client.Minecraft. No refMap loaded. [PREINJECT Applicator Phase -> waystoneinjector.mixins.json:MixinMinecraft from mod waystoneinjector -> Prepare Injections ->  -> localvar$cmg000$waystoneinjector$replaceWaystoneScreenAtDisplay(Lnet/minecraft/client/gui/screens/Screen;)Lnet/minecraft/client/gui/screens/Screen; -> Parse]
	at org.spongepowered.asm.mixin.injection.struct.InjectionInfo.validateTargets(InjectionInfo.java:656) ~[mixin-0.8.5.jar:0.8.5+Jenkins-b310.git-155314e6e91465dad727e621a569906a410cd6f4]
	at org.spongepowered.asm.mixin.injection.struct.InjectionInfo.findTargets(InjectionInfo.java:587) ~[mixin-0.8.5.jar:0.8.5+Jenkins-b310.git-155314e6e91465dad727e621a569906a410cd6f4]
	at org.spongepowered.asm.mixin.injection.struct.InjectionInfo.readAnnotation(InjectionInfo.java:330) ~[mixin-0.8.5.jar:0.8.5+Jenkins-b310.git-155314e6e91465dad727e621a569906a410cd6f4]
	at org.spongepowered.asm.mixin.injection.struct.InjectionInfo.<init>(InjectionInfo.java:316) ~[mixin-0.8.5.jar:0.8.5+Jenkins-b310.git-155314e6e91465dad727e621a569906a410cd6f4]
	at org.spongepowered.asm.mixin.injection.struct.InjectionInfo.<init>(InjectionInfo.java:308) ~[mixin-0.8.5.jar:0.8.5+Jenkins-b310.git-155314e6e91465dad727e621a569906a410cd6f4]
	at org.spongepowered.asm.mixin.injection.struct.ModifyVariableInjectionInfo.<init>(ModifyVariableInjectionInfo.java:45) ~[mixin-0.8.5.jar:0.8.5+Jenkins-b310.git-155314e6e91465dad727e621a569906a410cd6f4]
	at jdk.internal.reflect.NativeConstructorAccessorImpl.newInstance0(Native Method) ~[?:?]
	at jdk.internal.reflect.NativeConstructorAccessorImpl.newInstance(NativeConstructorAccessorImpl.java:77) ~[?:?]
	at jdk.internal.reflect.DelegatingConstructorAccessorImpl.newInstance(DelegatingConstructorAccessorImpl.java:45) ~[?:?]
	at java.lang.reflect.Constructor.newInstanceWithCaller(Constructor.java:500) ~[?:?]
	at java.lang.reflect.Constructor.newInstance(Constructor.java:481) ~[?:?]
	at org.spongepowered.asm.mixin.injection.struct.InjectionInfo$InjectorEntry.create(InjectionInfo.java:149) ~[mixin-0.8.5.jar:0.8.5+Jenkins-b310.git-155314e6e91465dad727e621a569906a410cd6f4]
	at org.spongepowered.asm.mixin.injection.struct.InjectionInfo.parse(InjectionInfo.java:708) ~[mixin-0.8.5.jar:0.8.5+Jenkins-b310.git-155314e6e91465dad727e621a569906a410cd6f4]
	at org.spongepowered.asm.mixin.transformer.MixinTargetContext.prepareInjections(MixinTargetContext.java:1329) ~[mixin-0.8.5.jar:0.8.5+Jenkins-b310.git-155314e6e91465dad727e621a569906a410cd6f4]
	at org.spongepowered.asm.mixin.transformer.MixinApplicatorStandard.prepareInjections(MixinApplicatorStandard.java:1053) ~[mixin-0.8.5.jar:0.8.5+Jenkins-b310.git-155314e6e91465dad727e621a569906a410cd6f4]
	at org.spongepowered.asm.mixin.transformer.MixinApplicatorStandard.applyMixin(MixinApplicatorStandard.java:395) ~[mixin-0.8.5.jar:0.8.5+Jenkins-b310.git-155314e6e91465dad727e621a569906a410cd6f4]
	at org.spongepowered.asm.mixin.transformer.MixinApplicatorStandard.apply(MixinApplicatorStandard.java:327) ~[mixin-0.8.5.jar:0.8.5+Jenkins-b310.git-155314e6e91465dad727e621a569906a410cd6f4]
	at org.spongepowered.asm.mixin.transformer.TargetClassContext.apply(TargetClassContext.java:421) ~[mixin-0.8.5.jar:0.8.5+Jenkins-b310.git-155314e6e91465dad727e621a569906a410cd6f4]
	at org.spongepowered.asm.mixin.transformer.TargetClassContext.applyMixins(TargetClassContext.java:403) ~[mixin-0.8.5.jar:0.8.5+Jenkins-b310.git-155314e6e91465dad727e621a569906a410cd6f4]
	at org.spongepowered.asm.mixin.transformer.MixinProcessor.applyMixins(MixinProcessor.java:363) ~[mixin-0.8.5.jar:0.8.5+Jenkins-b310.git-155314e6e91465dad727e621a569906a410cd6f4]
	at org.spongepowered.asm.mixin.transformer.MixinTransformer.transformClass(MixinTransformer.java:250) ~[mixin-0.8.5.jar:0.8.5+Jenkins-b310.git-155314e6e91465dad727e621a569906a410cd6f4]
	at org.spongepowered.asm.service.modlauncher.MixinTransformationHandler.processClass(MixinTransformationHandler.java:131) ~[mixin-0.8.5.jar:0.8.5+Jenkins-b310.git-155314e6e91465dad727e621a569906a410cd6f4]
	at org.spongepowered.asm.launch.MixinLaunchPluginLegacy.processClass(MixinLaunchPluginLegacy.java:131) ~[mixin-0.8.5.jar:0.8.5+Jenkins-b310.git-155314e6e91465dad727e621a569906a410cd6f4]
	at cpw.mods.modlauncher.serviceapi.ILaunchPluginService.processClassWithFlags(ILaunchPluginService.java:156) ~[modlauncher-10.0.9.jar:10.0.9+10.0.9+main.dcd20f30]
	at cpw.mods.modlauncher.LaunchPluginHandler.offerClassNodeToPlugins(LaunchPluginHandler.java:88) ~[modlauncher-10.0.9.jar:?]
	at cpw.mods.modlauncher.ClassTransformer.transform(ClassTransformer.java:120) ~[modlauncher-10.0.9.jar:?]
	at cpw.mods.modlauncher.TransformingClassLoader.maybeTransformClassBytes(TransformingClassLoader.java:50) ~[modlauncher-10.0.9.jar:?]
	at cpw.mods.cl.ModuleClassLoader.readerToClass(ModuleClassLoader.java:113) ~[securejarhandler-2.1.10.jar:?]
	at cpw.mods.cl.ModuleClassLoader.lambda$findClass$15(ModuleClassLoader.java:219) ~[securejarhandler-2.1.10.jar:?]
	at cpw.mods.cl.ModuleClassLoader.loadFromModule(ModuleClassLoader.java:229) ~[securejarhandler-2.1.10.jar:?]
	at cpw.mods.cl.ModuleClassLoader.findClass(ModuleClassLoader.java:219) ~[securejarhandler-2.1.10.jar:?]
	at cpw.mods.cl.ModuleClassLoader.loadClass(ModuleClassLoader.java:135) ~[securejarhandler-2.1.10.jar:?]
	at java.lang.ClassLoader.loadClass(ClassLoader.java:525) ~[?:?]
	at java.lang.Class.getDeclaredMethods0(Native Method) ~[?:?]
	at java.lang.Class.privateGetDeclaredMethods(Class.java:3402) ~[?:?]
	at java.lang.Class.privateGetPublicMethods(Class.java:3427) ~[?:?]
	at java.lang.Class.privateGetPublicMethods(Class.java:3433) ~[?:?]
	at java.lang.Class.getMethods(Class.java:2019) ~[?:?]
	at net.minecraftforge.fml.earlydisplay.DisplayWindow.updateModuleReads(DisplayWindow.java:616) ~[fmlearlydisplay-1.20.1-47.4.0.jar%23105!/:1.0]
	at org.sinytra.connector.service.ConnectorLoaderService$1.updateModuleReads(ConnectorLoaderService.java:69) ~[Connector-1.0.0-beta.47+1.20.1.jar%23223!/:1.0.0-beta.47+1.20.1]
	at net.minecraftforge.fml.loading.ImmediateWindowHandler.acceptGameLayer(ImmediateWindowHandler.java:71) ~[fmlloader-1.20.1-47.4.0.jar:1.0]
	at net.minecraftforge.fml.loading.FMLLoader.beforeStart(FMLLoader.java:216) ~[fmlloader-1.20.1-47.4.0.jar:1.0]
	at net.minecraftforge.fml.loading.targets.CommonLaunchHandler.launchService(CommonLaunchHandler.java:92) ~[fmlloader-1.20.1-47.4.0.jar:?]
	at cpw.mods.modlauncher.LaunchServiceHandlerDecorator.launch(LaunchServiceHandlerDecorator.java:30) ~[modlauncher-10.0.9.jar:?]
	at cpw.mods.modlauncher.LaunchServiceHandler.launch(LaunchServiceHandler.java:53) ~[modlauncher-10.0.9.jar:?]
	at cpw.mods.modlauncher.LaunchServiceHandler.launch(LaunchServiceHandler.java:71) ~[modlauncher-10.0.9.jar:?]
	at cpw.mods.modlauncher.Launcher.run(Launcher.java:108) ~[modlauncher-10.0.9.jar:?]
	at cpw.mods.modlauncher.Launcher.main(Launcher.java:78) ~[modlauncher-10.0.9.jar:?]
	at cpw.mods.modlauncher.BootstrapLaunchConsumer.accept(BootstrapLaunchConsumer.java:26) ~[modlauncher-10.0.9.jar:?]
	at cpw.mods.modlauncher.BootstrapLaunchConsumer.accept(BootstrapLaunchConsumer.java:23) ~[modlauncher-10.0.9.jar:?]
	at cpw.mods.bootstraplauncher.BootstrapLauncher.main(BootstrapLauncher.java:141) ~[bootstraplauncher-1.1.2.jar:?]
